<?xml version="1.0" encoding="UTF-8"?>
<!-- Generated by org.testng.reporters.JUnitReportReporter -->
<testsuite skipped="0" hostname="admin" name="com.crm.qa.testcases.CompanyPageTest" tests="1" failures="0" timestamp="20 Sep 2020 16:01:44 GMT" time="11.008" errors="0">
  <testcase name="validateCreateNewCompany" time="11.008" classname="com.crm.qa.testcases.CompanyPageTest"/>
</testsuite> <!-- com.crm.qa.testcases.CompanyPageTest -->
