<?xml version="1.0" encoding="UTF-8"?>
<!-- Generated by org.testng.reporters.JUnitReportReporter -->
<testsuite skipped="0" hostname="admin" name="com.crm.qa.testcases.LoginPageTest" tests="2" failures="0" timestamp="20 Sep 2020 11:48:34 GMT" time="14.011" errors="0">
  <testcase name="loginPageTitleTest" time="0.020" classname="com.crm.qa.testcases.LoginPageTest"/>
  <testcase name="loginTest" time="13.991" classname="com.crm.qa.testcases.LoginPageTest"/>
</testsuite> <!-- com.crm.qa.testcases.LoginPageTest -->
