<?xml version="1.0" encoding="UTF-8"?>
<!-- Generated by org.testng.reporters.JUnitReportReporter -->
<testsuite skipped="0" hostname="admin" name="com.assignment.qa.testcases.HomePageTest" tests="6" failures="0" timestamp="20 Sep 2020 19:06:28 GMT" time="24.019" errors="0">
  <testcase name="verifyHomePageTitleTest" time="0.011" classname="com.assignment.qa.testcases.HomePageTest"/>
  <testcase name="verifyUserNameTest" time="2.279" classname="com.assignment.qa.testcases.HomePageTest"/>
  <testcase name="verifyContactsLinkTest" time="5.767" classname="com.assignment.qa.testcases.HomePageTest"/>
  <testcase name="verifyDealsLinkTest" time="5.353" classname="com.assignment.qa.testcases.HomePageTest"/>
  <testcase name="verifyCompanyLinkTest" time="5.299" classname="com.assignment.qa.testcases.HomePageTest"/>
  <testcase name="verifyTaskLinkTest" time="5.310" classname="com.assignment.qa.testcases.HomePageTest"/>
</testsuite> <!-- com.assignment.qa.testcases.HomePageTest -->
